  [1m[35m (4.2ms)[0m  [1m[35mCREATE TABLE "schema_migrations" ("version" varchar NOT NULL PRIMARY KEY)[0m
  [1m[35m (4.1ms)[0m  [1m[35mCREATE TABLE "ar_internal_metadata" ("key" varchar NOT NULL PRIMARY KEY, "value" varchar, "created_at" datetime(6) NOT NULL, "updated_at" datetime(6) NOT NULL)[0m
  [1m[36mActiveRecord::SchemaMigration Pluck (0.2ms)[0m  [1m[34mSELECT "schema_migrations"."version" FROM "schema_migrations" ORDER BY "schema_migrations"."version" ASC[0m
Migrating to CreateUsers (20230322074122)
  [1m[36mTRANSACTION (0.1ms)[0m  [1m[36mbegin transaction[0m
  [1m[35m (0.4ms)[0m  [1m[35mCREATE TABLE "users" ("id" integer PRIMARY KEY AUTOINCREMENT NOT NULL, "username" varchar NOT NULL, "email" varchar NOT NULL, "password_digest" varchar NOT NULL, "created_at" datetime(6) NOT NULL, "updated_at" datetime(6) NOT NULL)[0m
  [1m[36mActiveRecord::SchemaMigration Create (0.2ms)[0m  [1m[32mINSERT INTO "schema_migrations" ("version") VALUES (?)[0m  [["version", "20230322074122"]]
  [1m[36mTRANSACTION (2.6ms)[0m  [1m[36mcommit transaction[0m
  [1m[36mActiveRecord::InternalMetadata Load (0.1ms)[0m  [1m[34mSELECT "ar_internal_metadata".* FROM "ar_internal_metadata" WHERE "ar_internal_metadata"."key" = ? LIMIT ?[0m  [["key", "environment"], ["LIMIT", 1]]
  [1m[36mTRANSACTION (0.0ms)[0m  [1m[36mbegin transaction[0m
  [1m[36mActiveRecord::InternalMetadata Create (0.2ms)[0m  [1m[32mINSERT INTO "ar_internal_metadata" ("key", "value", "created_at", "updated_at") VALUES (?, ?, ?, ?)[0m  [["key", "environment"], ["value", "development"], ["created_at", "2023-03-22 07:53:10.553649"], ["updated_at", "2023-03-22 07:53:10.553649"]]
  [1m[36mTRANSACTION (3.4ms)[0m  [1m[36mcommit transaction[0m
  [1m[36mActiveRecord::SchemaMigration Pluck (0.1ms)[0m  [1m[34mSELECT "schema_migrations"."version" FROM "schema_migrations" ORDER BY "schema_migrations"."version" ASC[0m
Started POST "/" for ::1 at 2023-03-22 11:46:37 +0300
  [1m[36mActiveRecord::SchemaMigration Pluck (0.1ms)[0m  [1m[34mSELECT "schema_migrations"."version" FROM "schema_migrations" ORDER BY "schema_migrations"."version" ASC[0m
  
ActionController::RoutingError (No route matches [POST] "/"):
  
Started POST "/users" for ::1 at 2023-03-22 11:47:25 +0300
  
SyntaxError (/home/student/Development/Code/phase-4/Todo-rails/api/app/models/user.rb:4: syntax error, unexpected ',', expecting '}'
    ,uniqueness:true,
    ^
/home/student/Development/Code/phase-4/Todo-rails/api/app/models/user.rb:4: Can't assign to true
    ,uniqueness:true,
                ^~~~
):
  
app/models/user.rb:4: syntax error, unexpected ',', expecting '}'
app/models/user.rb:4: Can't assign to true
app/models/user.rb:4: syntax error, unexpected ',', expecting '}'
app/models/user.rb:4: Can't assign to true
Started POST "/users" for ::1 at 2023-03-22 11:49:35 +0300
  
SyntaxError (/home/student/Development/Code/phase-4/Todo-rails/api/app/models/user.rb:4: syntax error, unexpected ',', expecting '}'
    , uniqueness: true,
    ^
/home/student/Development/Code/phase-4/Todo-rails/api/app/models/user.rb:4: Can't assign to true
    , uniqueness: true,
                  ^~~~
):
  
app/models/user.rb:4: syntax error, unexpected ',', expecting '}'
app/models/user.rb:4: Can't assign to true
app/models/user.rb:4: syntax error, unexpected ',', expecting '}'
app/models/user.rb:4: Can't assign to true
Started POST "/users" for ::1 at 2023-03-22 11:50:34 +0300
Processing by UsersController#register as */*
  Parameters: {"Username"=>"Ngechuk", "email"=>"k@yahoo.com", "password"=>"[FILTERED]", "user"=>{"email"=>"k@yahoo.com"}}
[31mUnpermitted parameters: :Username, :user. Context: { controller: UsersController, action: register, request: #<ActionDispatch::Request:0x00007f322c46ba58>, params: {"Username"=>"Ngechuk", "email"=>"k@yahoo.com", "password"=>"[FILTERED]", "controller"=>"users", "action"=>"register", "user"=>{"email"=>"k@yahoo.com"}} }[0m
  [1m[36mTRANSACTION (0.0ms)[0m  [1m[36mbegin transaction[0m
  ↳ app/controllers/users_controller.rb:3:in `register'
  [1m[36mUser Exists? (0.1ms)[0m  [1m[34mSELECT 1 AS one FROM "users" WHERE "users"."username" IS NULL LIMIT ?[0m  [["LIMIT", 1]]
  ↳ app/controllers/users_controller.rb:3:in `register'
  [1m[36mUser Exists? (0.1ms)[0m  [1m[34mSELECT 1 AS one FROM "users" WHERE "users"."email" = ? LIMIT ?[0m  [["email", "k@yahoo.com"], ["LIMIT", 1]]
  ↳ app/controllers/users_controller.rb:3:in `register'
  [1m[36mTRANSACTION (0.0ms)[0m  [1m[31mrollback transaction[0m
  ↳ app/controllers/users_controller.rb:3:in `register'
  [1m[36mUser Exists? (0.1ms)[0m  [1m[34mSELECT 1 AS one FROM "users" WHERE "users"."username" IS NULL LIMIT ?[0m  [["LIMIT", 1]]
  ↳ app/controllers/users_controller.rb:4:in `register'
  [1m[36mUser Exists? (0.1ms)[0m  [1m[34mSELECT 1 AS one FROM "users" WHERE "users"."email" = ? LIMIT ?[0m  [["email", "k@yahoo.com"], ["LIMIT", 1]]
  ↳ app/controllers/users_controller.rb:4:in `register'
Completed 200 OK in 241ms (Views: 0.2ms | ActiveRecord: 1.2ms | Allocations: 41673)


Started POST "/users" for ::1 at 2023-03-22 11:51:44 +0300
Processing by UsersController#register as */*
  Parameters: {"Username"=>"Ngechuk", "email"=>"k@yahoo.com", "password"=>"[FILTERED]", "user"=>{"email"=>"k@yahoo.com"}}
[31mUnpermitted parameters: :Username, :user. Context: { controller: UsersController, action: register, request: #<ActionDispatch::Request:0x00007f322cb94ff0>, params: {"Username"=>"Ngechuk", "email"=>"k@yahoo.com", "password"=>"[FILTERED]", "controller"=>"users", "action"=>"register", "user"=>{"email"=>"k@yahoo.com"}} }[0m
  [1m[36mTRANSACTION (0.0ms)[0m  [1m[36mbegin transaction[0m
  ↳ app/controllers/users_controller.rb:3:in `register'
  [1m[36mUser Exists? (0.1ms)[0m  [1m[34mSELECT 1 AS one FROM "users" WHERE "users"."username" IS NULL LIMIT ?[0m  [["LIMIT", 1]]
  ↳ app/controllers/users_controller.rb:3:in `register'
  [1m[36mUser Exists? (0.1ms)[0m  [1m[34mSELECT 1 AS one FROM "users" WHERE "users"."email" = ? LIMIT ?[0m  [["email", "k@yahoo.com"], ["LIMIT", 1]]
  ↳ app/controllers/users_controller.rb:3:in `register'
  [1m[36mTRANSACTION (0.1ms)[0m  [1m[31mrollback transaction[0m
  ↳ app/controllers/users_controller.rb:3:in `register'
  [1m[36mUser Exists? (0.1ms)[0m  [1m[34mSELECT 1 AS one FROM "users" WHERE "users"."username" IS NULL LIMIT ?[0m  [["LIMIT", 1]]
  ↳ app/controllers/users_controller.rb:4:in `register'
  [1m[36mUser Exists? (0.1ms)[0m  [1m[34mSELECT 1 AS one FROM "users" WHERE "users"."email" = ? LIMIT ?[0m  [["email", "k@yahoo.com"], ["LIMIT", 1]]
  ↳ app/controllers/users_controller.rb:4:in `register'
Completed 422 Unprocessable Entity in 231ms (Views: 8.8ms | ActiveRecord: 1.3ms | Allocations: 9643)


